[   18476ms] ReferenceError: messages is not defined
    at ChatInterface (http://localhost:3000/_next/static/chunks/code_ai-chat_components_f63c9ad3._.js?id=%255Bproject%255D%252Fcode%252Fai-chat%252Fcomponents%252Fchat%252Fchat-interface.tsx+%255Bapp-client%255D+%2528ecmascript%2529:116:27)
    at Object.react_stack_bottom_frame (http://localhost:3000/_next/static/chunks/98dbc_next_dist_compiled_react-dom_fc5801f8._.js:14826:24)
    at renderWithHooks (http://localhost:3000/_next/static/chunks/98dbc_next_dist_compiled_react-dom_fc5801f8._.js:4651:24)
    at updateFunctionComponent (http://localhost:3000/_next/static/chunks/98dbc_next_dist_compiled_react-dom_fc5801f8._.js:6112:21)
    at beginWork (http://localhost:3000/_next/static/chunks/98dbc_next_dist_compiled_react-dom_fc5801f8._.js:6708:24)
    at runWithFiberInDEV (http://localhost:3000/_next/static/chunks/98dbc_next_dist_compiled_react-dom_fc5801f8._.js:965:74)
    at performUnitOfWork (http://localhost:3000/_next/static/chunks/98dbc_next_dist_compiled_react-dom_fc5801f8._.js:9562:97)
    at workLoopSync (http://localhost:3000/_next/static/chunks/98dbc_next_dist_compiled_react-dom_fc5801f8._.js:9456:40)
    at renderRootSync (http://localhost:3000/_next/static/chunks/98dbc_next_dist_compiled_react-dom_fc5801f8._.js:9440:13)
    at performWorkOnRoot (http://localhost:3000/_next/static/chunks/98dbc_next_dist_compiled_react-dom_fc5801f8._.js:9105:47)
    at performSyncWorkOnRoot (http://localhost:3000/_next/static/chunks/98dbc_next_dist_compiled_react-dom_fc5801f8._.js:10238:9)
    at flushSyncWorkAcrossRoots_impl (http://localhost:3000/_next/static/chunks/98dbc_next_dist_compiled_react-dom_fc5801f8._.js:10154:316)
    at flushSyncWork$1 (http://localhost:3000/_next/static/chunks/98dbc_next_dist_compiled_react-dom_fc5801f8._.js:9237:86)
    at Object.scheduleRefresh (http://localhost:3000/_next/static/chunks/98dbc_next_dist_compiled_react-dom_fc5801f8._.js:299:13)
    at http://localhost:3000/_next/static/chunks/98dbc_next_dist_compiled_f79413b2._.js:391:33
    at Set.forEach (<anonymous>)
    at Object.performReactRefresh (http://localhost:3000/_next/static/chunks/98dbc_next_dist_compiled_f79413b2._.js:384:38)
    at applyUpdate (http://localhost:3000/_next/static/chunks/98dbc_next_dist_compiled_f79413b2._.js:878:31)
    at http://localhost:3000/_next/static/chunks/98dbc_next_dist_compiled_f79413b2._.js:886:13
[   32221ms] [WARNING] [Fast Refresh] performing full reload because your application had an unrecoverable error @ http://localhost:3000/_next/static/chunks/98dbc_next_dist_543b6c85._.js:2297
